2021-10-19 00:11:12 INFO  Starting LasyEatsApplication using Java 11.0.12 on BLR135CG050BXVV with PID 35200 (C:\Users\vkams\workspace\Videos\Projects\lasyEats\target\classes started by vkams in C:\Users\vkams\workspace\Videos\Projects\lasyEats)
2021-10-19 00:11:12 INFO  No active profile set, falling back to default profiles: default
2021-10-19 00:11:13 INFO  Bootstrapping Spring Data MongoDB repositories in DEFAULT mode.
2021-10-19 00:11:13 INFO  Finished Spring Data repository scanning in 156 ms. Found 7 MongoDB repository interfaces.
2021-10-19 00:11:13 INFO  Bean 'springAsyncConfiguration' of type [com.vkams.personal.lasyEats.configurations.SpringAsyncConfiguration$$EnhancerBySpringCGLIB$$bedce44a] is not eligible for getting processed by all BeanPostProcessors (for example: not eligible for auto-proxying)
2021-10-19 00:11:14 INFO  Tomcat initialized with port(s): 8080 (http)
2021-10-19 00:11:14 INFO  Initializing ProtocolHandler ["http-nio-8080"]
2021-10-19 00:11:14 INFO  Starting service [Tomcat]
2021-10-19 00:11:14 INFO  Starting Servlet engine: [Apache Tomcat/9.0.53]
2021-10-19 00:11:14 INFO  Initializing Spring embedded WebApplicationContext
2021-10-19 00:11:14 INFO  Root WebApplicationContext: initialization completed in 2632 ms
2021-10-19 00:11:15 INFO  Cluster created with settings {hosts=[localhost:27017], mode=SINGLE, requiredClusterType=UNKNOWN, serverSelectionTimeout='30000 ms'}
2021-10-19 00:11:15 INFO  Opened connection [connectionId{localValue:2, serverValue:18}] to localhost:27017
2021-10-19 00:11:15 INFO  Opened connection [connectionId{localValue:1, serverValue:17}] to localhost:27017
2021-10-19 00:11:15 INFO  Monitor thread successfully connected to server with description ServerDescription{address=localhost:27017, type=STANDALONE, state=CONNECTED, ok=true, minWireVersion=0, maxWireVersion=13, maxDocumentSize=16777216, logicalSessionTimeoutMinutes=30, roundTripTimeNanos=89110900}
2021-10-19 00:11:15 WARN  Registering converter from class java.time.LocalDateTime to class org.joda.time.LocalDateTime as reading converter although it doesn't convert from a store-supported type! You might want to check your annotation setup at the converter implementation.
2021-10-19 00:11:15 WARN  Registering converter from class java.time.LocalDateTime to class org.joda.time.LocalDateTime as reading converter although it doesn't convert from a store-supported type! You might want to check your annotation setup at the converter implementation.
2021-10-19 00:11:15 INFO  Setting up redis entry expiry(in sec) to:3600
2021-10-19 00:11:15 INFO  Setting up redis Host to:localhost
2021-10-19 00:11:15 INFO  Setting up redis port to:6379
2021-10-19 00:11:16 INFO  Starting ProtocolHandler ["http-nio-8080"]
2021-10-19 00:11:16 INFO  Tomcat started on port(s): 8080 (http) with context path ''
2021-10-19 00:11:17 INFO  Started LasyEatsApplication in 5.513 seconds (JVM running for 7.101)
2021-10-19 00:11:17 INFO  Congratulation! lasyEasts Server is Running !
2021-10-19 00:11:24 INFO  Initializing Spring DispatcherServlet 'dispatcherServlet'
2021-10-19 00:11:24 INFO  Initializing Servlet 'dispatcherServlet'
2021-10-19 00:11:24 INFO  Completed initialization in 1 ms
